<?xml version="1.0" encoding="UTF-8"?>
<!-- Generated by org.testng.reporters.JUnitReportReporter -->
<testsuite skipped="0" hostname="krish" name="testngannotations.c1" tests="2" failures="0" timestamp="2023-03-24T11:34:26 IST" time="7.412" errors="0">
  <testcase name="t1" time="1.196" classname="testngannotations.c1"/>
  <system-out/>
  <testcase name="t2" time="6.216" classname="testngannotations.c1"/>
  <system-out/>
</testsuite> <!-- testngannotations.c1 -->
