<?xml version="1.0" encoding="UTF-8"?>
<!-- Generated by org.testng.reporters.JUnitReportReporter -->
<testsuite skipped="0" hostname="krish" name="testngdepde.real" tests="7" failures="0" timestamp="2023-03-24T11:13:28 IST" time="9.392" errors="0">
  <testcase name="visitingwebsite" time="3.788" classname="testngdepde.real"/>
  <system-out/>
  <testcase name="max" time="0.174" classname="testngdepde.real"/>
  <system-out/>
  <testcase name="refre" time="0.208" classname="testngdepde.real"/>
  <system-out/>
  <testcase name="refre" time="0.020" classname="testngdepde.real"/>
  <system-out/>
  <testcase name="refre" time="0.361" classname="testngdepde.real"/>
  <system-out/>
  <testcase name="clicking" time="1.093" classname="testngdepde.real"/>
  <system-out/>
  <testcase name="quit" time="3.748" classname="testngdepde.real"/>
  <system-out/>
</testsuite> <!-- testngdepde.real -->
