<?xml version="1.0" encoding="UTF-8"?>
<!-- Generated by org.testng.reporters.JUnitReportReporter -->
<testsuite skipped="1" hostname="krish" name="testngattributes.a1" tests="3" failures="0" timestamp="2023-03-24T11:13:28 IST" time="0.004" errors="0">
  <testcase name="abc" time="0.001" classname="testngattributes.a1"/>
  <system-out/>
  <testcase name="t2" time="0.003" classname="testngattributes.a1"/>
  <system-out/>
  <testcase name="t1" classname="testngattributes.a1">
    <skipped/>
  </testcase> <!-- t1 -->
  <system-out/>
</testsuite> <!-- testngattributes.a1 -->
