<?xml version="1.0" encoding="UTF-8"?>
<!-- Generated by org.testng.reporters.JUnitReportReporter -->
<testsuite skipped="0" hostname="krish" name="testngwaits.c1" tests="1" failures="0" timestamp="2023-03-28T11:27:12 IST" time="3.740" errors="0">
  <testcase name="t1" time="3.740" classname="testngwaits.c1"/>
  <system-out/>
</testsuite> <!-- testngwaits.c1 -->
